<?xml version="1.0" encoding="UTF-8"?>
<testsuites>
  <testsuite name="iframe" timestamp="2019-05-11T22:04:56" time="13.145" tests="1" failures="0" errors="0" skipped="0">
    <properties>
      <property name="specId" value="0"/>
      <property name="suiteName" value="iframe::"/>
      <property name="capabilities" value="chrome.74_0_3729_131.mac"/>
      <property name="file" value="./dist/tests/iframe.spec.js"/>
    </properties>
    <testcase classname="chrome.74_0_3729_131.mac.iframe" name="complete_iframe" time="13.142"/>
  </testsuite>
</testsuites>